<?xml version="1.0" encoding="UTF-8"?>
<testsuite xmlns:xsi="http://www.w3.org/2001/XMLSchema-instance" xsi:noNamespaceSchemaLocation="https://maven.apache.org/surefire/maven-surefire-plugin/xsd/surefire-test-report.xsd" version="3.0.2" name="com.example.demo.controller.AktivnostControllerTest" time="29.563" tests="6" errors="0" skipped="0" failures="0">
  <properties>
[...]
</properties>
  <testcase name="updateKorisnikAktivnost" classname="com.example.demo.controller.AktivnostControllerTest" time="0.826">
    <system-out><![CDATA[22:07:42.580 [main] INFO org.springframework.test.context.support.AnnotationConfigContextLoaderUtils -- Could not detect default configuration classes for test class [com.example.demo.controller.AktivnostControllerTest]: AktivnostControllerTest does not declare any static, non-private, non-final, nested classes annotated with @Configuration.
22:07:42.875 [main] INFO org.springframework.boot.test.context.SpringBootTestContextBootstrapper -- Found @SpringBootConfiguration com.example.demo.DemoApplication for test class com.example.demo.controller.AktivnostControllerTest
22:07:43.245 [main] INFO org.springframework.boot.devtools.restart.RestartApplicationListener -- Restart disabled due to context in which it is running

 ____                                 _         ____  _       _    __                      
/ ___| __ _ _ __ ___  _   _ _ __   __| | __ _  |  _ \| | __ _| |_ / _| ___  _ __ _ __ ___  
| |   / _` | '_ ` _ \| | | | '_ \ / _` |/ _` | | |_) | |/ _` | __| |_ / _ \| '__| '_ ` _ \ 
| |__| (_| | | | | | | |_| | | | | (_| | (_| | |  __/| | (_| | |_|  _| (_) | |  | | | | | |
\____/\__,_|_| |_| |_|\__,_|_| |_|\__,_|\__,_| |_|   |_|\__,_|\__|_|  \___/|_|  |_| |_| |_|

  Spring-Boot:  (v3.4.5)
  Camunda Platform: (v7.23.0)
  Camunda Platform Spring Boot Starter: (v7.23.0)

2025-06-15T22:07:43.786+02:00  INFO 12740 --- [demo] [           main] c.e.d.c.AktivnostControllerTest          : Starting AktivnostControllerTest using Java 17.0.14 with PID 12740 (started by Korisnik in C:\Users\Korisnik\Desktop\FITNESSIFY\fitnessify-backend)
2025-06-15T22:07:43.789+02:00  INFO 12740 --- [demo] [           main] c.e.d.c.AktivnostControllerTest          : No active profile set, falling back to 1 default profile: "default"
2025-06-15T22:07:45.899+02:00  INFO 12740 --- [demo] [           main] .s.d.r.c.RepositoryConfigurationDelegate : Bootstrapping Spring Data JPA repositories in DEFAULT mode.
2025-06-15T22:07:46.179+02:00  INFO 12740 --- [demo] [           main] .s.d.r.c.RepositoryConfigurationDelegate : Finished Spring Data repository scanning in 245 ms. Found 12 JPA repository interfaces.
2025-06-15T22:07:50.883+02:00  INFO 12740 --- [demo] [           main] o.hibernate.jpa.internal.util.LogHelper  : HHH000204: Processing PersistenceUnitInfo [name: default]
2025-06-15T22:07:51.086+02:00  INFO 12740 --- [demo] [           main] org.hibernate.Version                    : HHH000412: Hibernate ORM core version 6.6.13.Final
2025-06-15T22:07:51.242+02:00  INFO 12740 --- [demo] [           main] o.h.c.internal.RegionFactoryInitiator    : HHH000026: Second-level cache disabled
2025-06-15T22:07:51.734+02:00  INFO 12740 --- [demo] [           main] o.s.o.j.p.SpringPersistenceUnitInfo      : No LoadTimeWeaver setup: ignoring JPA class transformer
2025-06-15T22:07:51.855+02:00  INFO 12740 --- [demo] [           main] com.zaxxer.hikari.HikariDataSource       : HikariPool-1 - Starting...
2025-06-15T22:07:52.437+02:00  INFO 12740 --- [demo] [           main] com.zaxxer.hikari.pool.HikariPool        : HikariPool-1 - Added connection org.postgresql.jdbc.PgConnection@4c1b4e07
2025-06-15T22:07:52.444+02:00  INFO 12740 --- [demo] [           main] com.zaxxer.hikari.HikariDataSource       : HikariPool-1 - Start completed.
2025-06-15T22:07:52.694+02:00  INFO 12740 --- [demo] [           main] org.hibernate.orm.connections.pooling    : HHH10001005: Database info:
	Database JDBC URL [Connecting through datasource 'HikariDataSource (HikariPool-1)']
	Database driver: undefined/unknown
	Database version: 17.2
	Autocommit mode: undefined/unknown
	Isolation level: undefined/unknown
	Minimum pool size: undefined/unknown
	Maximum pool size: undefined/unknown
2025-06-15T22:07:54.103+02:00  WARN 12740 --- [demo] [           main] org.hibernate.mapping.RootClass          : HHH000038: Composite-id class does not override equals(): com.example.demo.model.UnosNamirnice$UnosNamirniceId
2025-06-15T22:07:54.104+02:00  WARN 12740 --- [demo] [           main] org.hibernate.mapping.RootClass          : HHH000039: Composite-id class does not override hashCode(): com.example.demo.model.UnosNamirnice$UnosNamirniceId
2025-06-15T22:07:56.299+02:00  INFO 12740 --- [demo] [           main] o.h.e.t.j.p.i.JtaPlatformInitiator       : HHH000489: No JTA platform available (set 'hibernate.transaction.jta.platform' to enable JTA platform integration)
2025-06-15T22:07:58.165+02:00  INFO 12740 --- [demo] [           main] j.LocalContainerEntityManagerFactoryBean : Initialized JPA EntityManagerFactory for persistence unit 'default'
2025-06-15T22:07:59.372+02:00  INFO 12740 --- [demo] [           main] o.s.d.j.r.query.QueryEnhancerFactory     : Hibernate is in classpath; If applicable, HQL parser will be used.
2025-06-15T22:08:01.678+02:00  WARN 12740 --- [demo] [           main] JpaBaseConfiguration$JpaWebConfiguration : spring.jpa.open-in-view is enabled by default. Therefore, database queries may be performed during view rendering. Explicitly configure spring.jpa.open-in-view to disable this warning
2025-06-15T22:08:03.211+02:00  INFO 12740 --- [demo] [           main] org.camunda.bpm.spring.boot              : STARTER-SB040 Setting up jobExecutor with corePoolSize=3, maxPoolSize:10
2025-06-15T22:08:03.448+02:00  INFO 12740 --- [demo] [           main] org.camunda.bpm.engine.cfg               : ENGINE-12003 Plugin 'CompositeProcessEnginePlugin[genericPropertiesConfiguration, camundaProcessEngineConfiguration, camundaDatasourceConfiguration, camundaJobConfiguration, camundaHistoryConfiguration, camundaMetricsConfiguration, camundaAuthorizationConfiguration, createAdminUserConfiguration, failedJobConfiguration, disableDeploymentResourcePattern, eventPublisherPlugin]' activated on process engine 'default'
2025-06-15T22:08:03.458+02:00  INFO 12740 --- [demo] [           main] org.camunda.bpm.spring.boot              : STARTER-SB020 ProcessApplication enabled: autoDeployment via springConfiguration#deploymentResourcePattern is disabled
2025-06-15T22:08:03.459+02:00  INFO 12740 --- [demo] [           main] o.c.b.s.b.s.event.EventPublisherPlugin   : EVENTING-001: Initialized Camunda Spring Boot Eventing Engine Plugin.
2025-06-15T22:08:03.460+02:00  INFO 12740 --- [demo] [           main] o.c.b.s.b.s.event.EventPublisherPlugin   : EVENTING-003: Task events will be published as Spring Events.
2025-06-15T22:08:03.460+02:00  INFO 12740 --- [demo] [           main] o.c.b.s.b.s.event.EventPublisherPlugin   : EVENTING-005: Execution events will be published as Spring Events.
2025-06-15T22:08:03.461+02:00  INFO 12740 --- [demo] [           main] o.c.b.s.b.s.event.EventPublisherPlugin   : EVENTING-009: Listeners will not be invoked if a skipCustomListeners API parameter is set to true by user.
2025-06-15T22:08:03.478+02:00  INFO 12740 --- [demo] [           main] o.c.b.s.b.s.event.EventPublisherPlugin   : EVENTING-007: History events will be published as Spring events.
2025-06-15T22:08:09.190+02:00  INFO 12740 --- [demo] [           main] org.camunda.bpm.engine                   : ENGINE-00001 Process Engine default created.
2025-06-15T22:08:09.438+02:00  INFO 12740 --- [demo] [           main] .c.b.s.b.s.r.CamundaJerseyResourceConfig : Configuring camunda rest api.
2025-06-15T22:08:09.517+02:00  INFO 12740 --- [demo] [           main] .c.b.s.b.s.r.CamundaJerseyResourceConfig : Finished configuring camunda rest api.
2025-06-15T22:08:10.494+02:00  INFO 12740 --- [demo] [           main] o.s.b.t.m.w.SpringBootMockServletContext : Initializing Spring TestDispatcherServlet ''
2025-06-15T22:08:10.495+02:00  INFO 12740 --- [demo] [           main] o.s.t.web.servlet.TestDispatcherServlet  : Initializing Servlet ''
2025-06-15T22:08:10.499+02:00  INFO 12740 --- [demo] [           main] o.s.t.web.servlet.TestDispatcherServlet  : Completed initialization in 4 ms
2025-06-15T22:08:10.767+02:00  INFO 12740 --- [demo] [           main] org.camunda.bpm.container                : ENGINE-08026 No processes.xml file found in process application 'demoApplication'
2025-06-15T22:08:10.776+02:00  INFO 12740 --- [demo] [           main] org.camunda.bpm.container                : ENGINE-08050 Process application demoApplication successfully deployed
2025-06-15T22:08:10.777+02:00  INFO 12740 --- [demo] [           main] c.e.d.c.AktivnostControllerTest          : Started AktivnostControllerTest in 27.56 seconds (process running for 29.689)
2025-06-15T22:08:10.787+02:00  INFO 12740 --- [demo] [           main] org.camunda.bpm.engine.jobexecutor       : ENGINE-14014 Starting up the JobExecutor[org.camunda.bpm.engine.spring.components.jobexecutor.SpringJobExecutor].
2025-06-15T22:08:10.790+02:00  INFO 12740 --- [demo] [ingJobExecutor]] org.camunda.bpm.engine.jobexecutor       : ENGINE-14018 JobExecutor[org.camunda.bpm.engine.spring.components.jobexecutor.SpringJobExecutor] starting to acquire jobs
]]></system-out>
  </testcase>
  <testcase name="getKorisnikAktivnostiZaDan" classname="com.example.demo.controller.AktivnostControllerTest" time="0.068"/>
  <testcase name="getAllAktivnosti" classname="com.example.demo.controller.AktivnostControllerTest" time="0.038"/>
  <testcase name="deleteKorisnikAktivnost" classname="com.example.demo.controller.AktivnostControllerTest" time="0.038"/>
  <testcase name="getSveAktivnostiKlijenta" classname="com.example.demo.controller.AktivnostControllerTest" time="0.02"/>
  <testcase name="addKorisnikAktivnost" classname="com.example.demo.controller.AktivnostControllerTest" time="0.018"/>
</testsuite>