<?xml version="1.0" encoding="UTF-8"?>
<testsuite xmlns:xsi="http://www.w3.org/2001/XMLSchema-instance" xsi:noNamespaceSchemaLocation="https://maven.apache.org/surefire/maven-surefire-plugin/xsd/surefire-test-report.xsd" version="3.0.2" name="com.example.demo.repository.AktivnostRepositoryTest" time="0.672" tests="3" errors="0" skipped="0" failures="0">
  <properties>
[...]
</properties>
  <testcase name="crudOperations" classname="com.example.demo.repository.AktivnostRepositoryTest" time="0.161">
    <system-out><![CDATA[2025-05-25T23:05:21.429+02:00  INFO 9560 --- [demo] [           main] t.c.s.AnnotationConfigContextLoaderUtils : Could not detect default configuration classes for test class [com.example.demo.repository.AktivnostRepositoryTest]: AktivnostRepositoryTest does not declare any static, non-private, non-final, nested classes annotated with @Configuration.
2025-05-25T23:05:21.459+02:00  INFO 9560 --- [demo] [           main] .b.t.c.SpringBootTestContextBootstrapper : Found @SpringBootConfiguration com.example.demo.DemoApplication for test class com.example.demo.repository.AktivnostRepositoryTest
2025-05-25T23:05:21.464+02:00  INFO 9560 --- [demo] [           main] o.s.b.d.r.RestartApplicationListener     : Restart disabled due to context in which it is running

  .   ____          _            __ _ _
 /\\ / ___'_ __ _ _(_)_ __  __ _ \ \ \ \
( ( )\___ | '_ | '_| | '_ \/ _` | \ \ \ \
 \\/  ___)| |_)| | | | | || (_| |  ) ) ) )
  '  |____| .__|_| |_|_| |_\__, | / / / /
 =========|_|==============|___/=/_/_/_/

 :: Spring Boot ::                (v3.4.5)

2025-05-25T23:05:21.494+02:00  INFO 9560 --- [demo] [           main] c.e.d.r.AktivnostRepositoryTest          : Starting AktivnostRepositoryTest using Java 17.0.14 with PID 9560 (started by Korisnik in C:\Users\Korisnik\Desktop\FITNESSIFY\fitnessify-backend)
2025-05-25T23:05:21.494+02:00  INFO 9560 --- [demo] [           main] c.e.d.r.AktivnostRepositoryTest          : No active profile set, falling back to 1 default profile: "default"
2025-05-25T23:05:21.585+02:00  INFO 9560 --- [demo] [           main] .s.d.r.c.RepositoryConfigurationDelegate : Bootstrapping Spring Data JPA repositories in DEFAULT mode.
2025-05-25T23:05:21.613+02:00  INFO 9560 --- [demo] [           main] .s.d.r.c.RepositoryConfigurationDelegate : Finished Spring Data repository scanning in 26 ms. Found 11 JPA repository interfaces.
2025-05-25T23:05:21.625+02:00  INFO 9560 --- [demo] [           main] beddedDataSourceBeanFactoryPostProcessor : Replacing 'dataSource' DataSource bean with embedded version
2025-05-25T23:05:21.635+02:00  INFO 9560 --- [demo] [           main] o.s.j.d.e.EmbeddedDatabaseFactory        : Starting embedded database: url='jdbc:h2:mem:34e12728-6238-40ea-8599-80268899dba2;DB_CLOSE_DELAY=-1;DB_CLOSE_ON_EXIT=false', username='sa'
2025-05-25T23:05:21.655+02:00  INFO 9560 --- [demo] [           main] o.hibernate.jpa.internal.util.LogHelper  : HHH000204: Processing PersistenceUnitInfo [name: default]
2025-05-25T23:05:21.659+02:00  INFO 9560 --- [demo] [           main] o.h.c.internal.RegionFactoryInitiator    : HHH000026: Second-level cache disabled
2025-05-25T23:05:21.670+02:00  INFO 9560 --- [demo] [           main] o.s.o.j.p.SpringPersistenceUnitInfo      : No LoadTimeWeaver setup: ignoring JPA class transformer
2025-05-25T23:05:21.672+02:00  INFO 9560 --- [demo] [           main] org.hibernate.orm.connections.pooling    : HHH10001005: Database info:
	Database JDBC URL [Connecting through datasource 'org.springframework.jdbc.datasource.embedded.EmbeddedDatabaseFactory$EmbeddedDataSourceProxy@3d7aad2b']
	Database driver: undefined/unknown
	Database version: 2.3.232
	Autocommit mode: undefined/unknown
	Isolation level: undefined/unknown
	Minimum pool size: undefined/unknown
	Maximum pool size: undefined/unknown
2025-05-25T23:05:21.716+02:00  WARN 9560 --- [demo] [           main] org.hibernate.mapping.RootClass          : HHH000038: Composite-id class does not override equals(): com.example.demo.model.UnosNamirnice$UnosNamirniceId
2025-05-25T23:05:21.717+02:00  WARN 9560 --- [demo] [           main] org.hibernate.mapping.RootClass          : HHH000039: Composite-id class does not override hashCode(): com.example.demo.model.UnosNamirnice$UnosNamirniceId
2025-05-25T23:05:21.757+02:00  INFO 9560 --- [demo] [           main] o.h.e.t.j.p.i.JtaPlatformInitiator       : HHH000489: No JTA platform available (set 'hibernate.transaction.jta.platform' to enable JTA platform integration)
Hibernate: create table aktivnost (aktivnost_id bigint generated by default as identity, kalorije_po_satu float(53), vrsta_aktivnosti varchar(255), primary key (aktivnost_id))
Hibernate: create table klijent (klijent_id bigint not null, cilj varchar(255), tezina float(53), visina float(53), primary key (klijent_id))
Hibernate: create table klijent_plan (datum_dodjele date, status varchar(255), Klijent_ID bigint not null, Plan_ID bigint not null, primary key (Klijent_ID, Plan_ID))
Hibernate: create table klijent_trener (datum_povezivanja date, status varchar(255), Klijent_ID bigint not null, Trener_ID bigint not null, primary key (Klijent_ID, Trener_ID))
Hibernate: create table korisnik (korisnik_id bigint generated by default as identity, datum_registracije date, dob integer, email varchar(255), ime varchar(255), lozinka varchar(255), prezime varchar(255), spol varchar(255), primary key (korisnik_id))
Hibernate: create table korisnik_aktivnost (datum_aktivnosti date not null, potrosene_kalorije float(53), trajanje integer, Aktivnost_ID bigint not null, Korisnik_ID bigint not null, primary key (Aktivnost_ID, datum_aktivnosti, Korisnik_ID))
Hibernate: create table namirnica (namirnica_id bigint generated by default as identity, kalorije integer, masti numeric(38,2), naziv varchar(255), proteini numeric(38,2), ugljikohidrati numeric(38,2), primary key (namirnica_id))
Hibernate: create table plan (plan_id bigint generated by default as identity, datum_kreiranja date, naziv_plana varchar(255), opis varchar(255), trener_id bigint, primary key (plan_id))
Hibernate: create table prehrambeni_dnevnik (dnevnik_id bigint generated by default as identity, datum_obroka date, vrsta_obroka varchar(255), korisnik_id bigint, primary key (dnevnik_id))
Hibernate: create table trener (trener_id bigint not null, godine_iskustva integer, strucnost varchar(255), primary key (trener_id))
Hibernate: create table unos_namirnice (dnevnik_id bigint not null, namirnica_id bigint not null, kolicina numeric(38,2), primary key (dnevnik_id, namirnica_id))
Hibernate: alter table if exists korisnik drop constraint if exists UK87tbhltaua2a6k6jrdfl1kqap
Hibernate: alter table if exists korisnik add constraint UK87tbhltaua2a6k6jrdfl1kqap unique (email)
Hibernate: alter table if exists namirnica drop constraint if exists UK4tljo29i3exgsxj9gjg8mociv
Hibernate: alter table if exists namirnica add constraint UK4tljo29i3exgsxj9gjg8mociv unique (naziv)
Hibernate: alter table if exists klijent add constraint FKghtjwwkivb27ce2p3639wuapq foreign key (klijent_id) references korisnik
Hibernate: alter table if exists klijent_plan add constraint FKpjr4tnv3a133lfv322ai8l0nk foreign key (klijent_id) references klijent
Hibernate: alter table if exists klijent_plan add constraint FK96gbs29m0qs7fdu1il8p3eo22 foreign key (plan_id) references plan
Hibernate: alter table if exists klijent_trener add constraint FK5f0opu4pnf30yf6jedl93ggpw foreign key (klijent_id) references klijent
Hibernate: alter table if exists klijent_trener add constraint FK5r3w5ja3gqlrf4iv8iwh1717h foreign key (trener_id) references trener
Hibernate: alter table if exists korisnik_aktivnost add constraint FKsgojghkjctt1s05tv30tk31ds foreign key (aktivnost_id) references aktivnost
Hibernate: alter table if exists korisnik_aktivnost add constraint FK77u87kp173xix5punsmul1ueh foreign key (korisnik_id) references korisnik
Hibernate: alter table if exists plan add constraint FK78jwq941eb7pjg67qsb25jia foreign key (trener_id) references trener
Hibernate: alter table if exists prehrambeni_dnevnik add constraint FKj5fkqk4jng73scbiwd5r0qyyt foreign key (korisnik_id) references korisnik
Hibernate: alter table if exists trener add constraint FKf2naid8ooye7sqqjy91fq0ad2 foreign key (trener_id) references korisnik
Hibernate: alter table if exists unos_namirnice add constraint FK2pb81dk14shqkwphkmishv54p foreign key (dnevnik_id) references prehrambeni_dnevnik
Hibernate: alter table if exists unos_namirnice add constraint FKmx4r055xd1vrg0b1b6yb9x8mp foreign key (namirnica_id) references namirnica
2025-05-25T23:05:21.801+02:00  INFO 9560 --- [demo] [           main] j.LocalContainerEntityManagerFactoryBean : Initialized JPA EntityManagerFactory for persistence unit 'default'
2025-05-25T23:05:21.916+02:00  INFO 9560 --- [demo] [           main] c.e.d.r.AktivnostRepositoryTest          : Started AktivnostRepositoryTest in 0.453 seconds (process running for 59.57)
Hibernate: insert into aktivnost (kalorije_po_satu,vrsta_aktivnosti,aktivnost_id) values (?,?,default)
]]></system-out>
  </testcase>
  <testcase name="existsByVrstaAktivnosti_trueAfterSave" classname="com.example.demo.repository.AktivnostRepositoryTest" time="0.009">
    <system-out><![CDATA[Hibernate: insert into aktivnost (kalorije_po_satu,vrsta_aktivnosti,aktivnost_id) values (?,?,default)
Hibernate: select a1_0.aktivnost_id from aktivnost a1_0 where a1_0.vrsta_aktivnosti=? fetch first ? rows only
]]></system-out>
  </testcase>
  <testcase name="existsByVrstaAktivnosti_falseWhenEmpty" classname="com.example.demo.repository.AktivnostRepositoryTest" time="0.008">
    <system-out><![CDATA[Hibernate: select a1_0.aktivnost_id from aktivnost a1_0 where a1_0.vrsta_aktivnosti=? fetch first ? rows only
]]></system-out>
  </testcase>
</testsuite>