<?xml version="1.0" encoding="UTF-8"?>
<testsuite xmlns:xsi="http://www.w3.org/2001/XMLSchema-instance" xsi:noNamespaceSchemaLocation="https://maven.apache.org/surefire/maven-surefire-plugin/xsd/surefire-test-report.xsd" version="3.0.2" name="com.example.demo.integration.NamirnicaIntegrationTest" time="1.713" tests="3" errors="0" skipped="0" failures="0">
  <properties>
[...]
</properties>
  <testcase name="create_duplicateNaziv" classname="com.example.demo.integration.NamirnicaIntegrationTest" time="0.071">
    <system-out><![CDATA[2025-05-25T23:05:19.712+02:00  INFO 9560 --- [demo] [           main] t.c.s.AnnotationConfigContextLoaderUtils : Could not detect default configuration classes for test class [com.example.demo.integration.NamirnicaIntegrationTest]: NamirnicaIntegrationTest does not declare any static, non-private, non-final, nested classes annotated with @Configuration.
2025-05-25T23:05:19.722+02:00  INFO 9560 --- [demo] [           main] .b.t.c.SpringBootTestContextBootstrapper : Found @SpringBootConfiguration com.example.demo.DemoApplication for test class com.example.demo.integration.NamirnicaIntegrationTest
2025-05-25T23:05:19.726+02:00  INFO 9560 --- [demo] [           main] o.s.b.d.r.RestartApplicationListener     : Restart disabled due to context in which it is running

  .   ____          _            __ _ _
 /\\ / ___'_ __ _ _(_)_ __  __ _ \ \ \ \
( ( )\___ | '_ | '_| | '_ \/ _` | \ \ \ \
 \\/  ___)| |_)| | | | | || (_| |  ) ) ) )
  '  |____| .__|_| |_|_| |_\__, | / / / /
 =========|_|==============|___/=/_/_/_/

 :: Spring Boot ::                (v3.4.5)

2025-05-25T23:05:19.767+02:00  INFO 9560 --- [demo] [           main] c.e.d.i.NamirnicaIntegrationTest         : Starting NamirnicaIntegrationTest using Java 17.0.14 with PID 9560 (started by Korisnik in C:\Users\Korisnik\Desktop\FITNESSIFY\fitnessify-backend)
2025-05-25T23:05:19.768+02:00  INFO 9560 --- [demo] [           main] c.e.d.i.NamirnicaIntegrationTest         : The following 1 profile is active: "test"
2025-05-25T23:05:20.121+02:00  INFO 9560 --- [demo] [           main] .s.d.r.c.RepositoryConfigurationDelegate : Bootstrapping Spring Data JPA repositories in DEFAULT mode.
2025-05-25T23:05:20.164+02:00  INFO 9560 --- [demo] [           main] .s.d.r.c.RepositoryConfigurationDelegate : Finished Spring Data repository scanning in 40 ms. Found 11 JPA repository interfaces.
2025-05-25T23:05:20.237+02:00  INFO 9560 --- [demo] [           main] beddedDataSourceBeanFactoryPostProcessor : Replacing 'dataSource' DataSource bean with embedded version
2025-05-25T23:05:20.347+02:00  INFO 9560 --- [demo] [           main] o.s.b.w.embedded.tomcat.TomcatWebServer  : Tomcat initialized with port 0 (http)
2025-05-25T23:05:20.350+02:00  INFO 9560 --- [demo] [           main] o.apache.catalina.core.StandardService   : Starting service [Tomcat]
2025-05-25T23:05:20.351+02:00  INFO 9560 --- [demo] [           main] o.apache.catalina.core.StandardEngine    : Starting Servlet engine: [Apache Tomcat/10.1.40]
2025-05-25T23:05:20.483+02:00  INFO 9560 --- [demo] [           main] o.a.c.c.C.[Tomcat-1].[localhost].[/]     : Initializing Spring embedded WebApplicationContext
2025-05-25T23:05:20.483+02:00  INFO 9560 --- [demo] [           main] w.s.c.ServletWebServerApplicationContext : Root WebApplicationContext: initialization completed in 714 ms
2025-05-25T23:05:20.526+02:00  INFO 9560 --- [demo] [           main] o.s.j.d.e.EmbeddedDatabaseFactory        : Starting embedded database: url='jdbc:h2:mem:caaa4d56-2575-4be8-8c59-b5b36527686d;DB_CLOSE_DELAY=-1;DB_CLOSE_ON_EXIT=false', username='sa'
2025-05-25T23:05:20.561+02:00  INFO 9560 --- [demo] [           main] o.hibernate.jpa.internal.util.LogHelper  : HHH000204: Processing PersistenceUnitInfo [name: default]
2025-05-25T23:05:20.570+02:00  INFO 9560 --- [demo] [           main] o.h.c.internal.RegionFactoryInitiator    : HHH000026: Second-level cache disabled
2025-05-25T23:05:20.610+02:00  INFO 9560 --- [demo] [           main] o.s.o.j.p.SpringPersistenceUnitInfo      : No LoadTimeWeaver setup: ignoring JPA class transformer
2025-05-25T23:05:20.614+02:00  INFO 9560 --- [demo] [           main] org.hibernate.orm.connections.pooling    : HHH10001005: Database info:
	Database JDBC URL [Connecting through datasource 'org.springframework.jdbc.datasource.embedded.EmbeddedDatabaseFactory$EmbeddedDataSourceProxy@20e43049']
	Database driver: undefined/unknown
	Database version: 2.3.232
	Autocommit mode: undefined/unknown
	Isolation level: undefined/unknown
	Minimum pool size: undefined/unknown
	Maximum pool size: undefined/unknown
2025-05-25T23:05:20.708+02:00  WARN 9560 --- [demo] [           main] org.hibernate.mapping.RootClass          : HHH000038: Composite-id class does not override equals(): com.example.demo.model.UnosNamirnice$UnosNamirniceId
2025-05-25T23:05:20.708+02:00  WARN 9560 --- [demo] [           main] org.hibernate.mapping.RootClass          : HHH000039: Composite-id class does not override hashCode(): com.example.demo.model.UnosNamirnice$UnosNamirniceId
2025-05-25T23:05:20.779+02:00  INFO 9560 --- [demo] [           main] o.h.e.t.j.p.i.JtaPlatformInitiator       : HHH000489: No JTA platform available (set 'hibernate.transaction.jta.platform' to enable JTA platform integration)
Hibernate: drop table if exists aktivnost cascade 
Hibernate: drop table if exists klijent cascade 
Hibernate: drop table if exists klijent_plan cascade 
Hibernate: drop table if exists klijent_trener cascade 
Hibernate: drop table if exists korisnik cascade 
Hibernate: drop table if exists korisnik_aktivnost cascade 
Hibernate: drop table if exists namirnica cascade 
Hibernate: drop table if exists plan cascade 
Hibernate: drop table if exists prehrambeni_dnevnik cascade 
Hibernate: drop table if exists trener cascade 
Hibernate: drop table if exists unos_namirnice cascade 
Hibernate: create table aktivnost (kalorije_po_satu float(53), aktivnost_id bigint generated by default as identity, vrsta_aktivnosti varchar(255), primary key (aktivnost_id))
Hibernate: create table klijent (tezina float(53), visina float(53), klijent_id bigint not null, cilj varchar(255), primary key (klijent_id))
Hibernate: create table klijent_plan (datum_dodjele date, Klijent_ID bigint not null, Plan_ID bigint not null, status varchar(255), primary key (Klijent_ID, Plan_ID))
Hibernate: create table klijent_trener (datum_povezivanja date, Klijent_ID bigint not null, Trener_ID bigint not null, status varchar(255), primary key (Klijent_ID, Trener_ID))
Hibernate: create table korisnik (datum_registracije date, dob integer, korisnik_id bigint generated by default as identity, email varchar(255) unique, ime varchar(255), lozinka varchar(255), prezime varchar(255), spol varchar(255), primary key (korisnik_id))
Hibernate: create table korisnik_aktivnost (datum_aktivnosti date not null, potrosene_kalorije float(53), trajanje integer, Aktivnost_ID bigint not null, Korisnik_ID bigint not null, primary key (datum_aktivnosti, Aktivnost_ID, Korisnik_ID))
Hibernate: create table namirnica (kalorije integer, masti numeric(38,2), proteini numeric(38,2), ugljikohidrati numeric(38,2), namirnica_id bigint generated by default as identity, naziv varchar(255) unique, primary key (namirnica_id))
Hibernate: create table plan (datum_kreiranja date, plan_id bigint generated by default as identity, trener_id bigint, naziv_plana varchar(255), opis varchar(255), primary key (plan_id))
Hibernate: create table prehrambeni_dnevnik (datum_obroka date, dnevnik_id bigint generated by default as identity, korisnik_id bigint, vrsta_obroka varchar(255), primary key (dnevnik_id))
Hibernate: create table trener (godine_iskustva integer, trener_id bigint not null, strucnost varchar(255), primary key (trener_id))
Hibernate: create table unos_namirnice (kolicina numeric(38,2), dnevnik_id bigint not null, namirnica_id bigint not null, primary key (dnevnik_id, namirnica_id))
Hibernate: alter table if exists klijent add constraint FKghtjwwkivb27ce2p3639wuapq foreign key (klijent_id) references korisnik
Hibernate: alter table if exists klijent_plan add constraint FKpjr4tnv3a133lfv322ai8l0nk foreign key (klijent_id) references klijent
Hibernate: alter table if exists klijent_plan add constraint FK96gbs29m0qs7fdu1il8p3eo22 foreign key (plan_id) references plan
Hibernate: alter table if exists klijent_trener add constraint FK5f0opu4pnf30yf6jedl93ggpw foreign key (klijent_id) references klijent
Hibernate: alter table if exists klijent_trener add constraint FK5r3w5ja3gqlrf4iv8iwh1717h foreign key (trener_id) references trener
Hibernate: alter table if exists korisnik_aktivnost add constraint FKsgojghkjctt1s05tv30tk31ds foreign key (aktivnost_id) references aktivnost
Hibernate: alter table if exists korisnik_aktivnost add constraint FK77u87kp173xix5punsmul1ueh foreign key (korisnik_id) references korisnik
Hibernate: alter table if exists plan add constraint FK78jwq941eb7pjg67qsb25jia foreign key (trener_id) references trener
Hibernate: alter table if exists prehrambeni_dnevnik add constraint FKj5fkqk4jng73scbiwd5r0qyyt foreign key (korisnik_id) references korisnik
Hibernate: alter table if exists trener add constraint FKf2naid8ooye7sqqjy91fq0ad2 foreign key (trener_id) references korisnik
Hibernate: alter table if exists unos_namirnice add constraint FK2pb81dk14shqkwphkmishv54p foreign key (dnevnik_id) references prehrambeni_dnevnik
Hibernate: alter table if exists unos_namirnice add constraint FKmx4r055xd1vrg0b1b6yb9x8mp foreign key (namirnica_id) references namirnica
2025-05-25T23:05:20.829+02:00  INFO 9560 --- [demo] [           main] j.LocalContainerEntityManagerFactoryBean : Initialized JPA EntityManagerFactory for persistence unit 'default'
2025-05-25T23:05:21.046+02:00  WARN 9560 --- [demo] [           main] JpaBaseConfiguration$JpaWebConfiguration : spring.jpa.open-in-view is enabled by default. Therefore, database queries may be performed during view rendering. Explicitly configure spring.jpa.open-in-view to disable this warning
2025-05-25T23:05:21.178+02:00  INFO 9560 --- [demo] [           main] o.a.c.c.C.[Tomcat-1].[localhost].[/]     : Initializing Spring TestDispatcherServlet ''
2025-05-25T23:05:21.178+02:00  INFO 9560 --- [demo] [           main] o.s.t.web.servlet.TestDispatcherServlet  : Initializing Servlet ''
2025-05-25T23:05:21.179+02:00  INFO 9560 --- [demo] [           main] o.s.t.web.servlet.TestDispatcherServlet  : Completed initialization in 0 ms
2025-05-25T23:05:21.214+02:00  INFO 9560 --- [demo] [           main] o.s.b.w.embedded.tomcat.TomcatWebServer  : Tomcat started on port 60705 (http) with context path '/'
2025-05-25T23:05:21.218+02:00  INFO 9560 --- [demo] [           main] c.e.d.i.NamirnicaIntegrationTest         : Started NamirnicaIntegrationTest in 1.492 seconds (process running for 58.872)
Hibernate: select n1_0.namirnica_id,n1_0.kalorije,n1_0.masti,n1_0.naziv,n1_0.proteini,n1_0.ugljikohidrati from namirnica n1_0
Hibernate: select n1_0.namirnica_id from namirnica n1_0 where n1_0.naziv=? fetch first ? rows only
Hibernate: insert into namirnica (kalorije,masti,naziv,proteini,ugljikohidrati,namirnica_id) values (?,?,?,?,?,default)
Hibernate: select n1_0.namirnica_id from namirnica n1_0 where n1_0.naziv=? fetch first ? rows only
]]></system-out>
  </testcase>
  <testcase name="update_duplicateNaziv" classname="com.example.demo.integration.NamirnicaIntegrationTest" time="0.04">
    <system-out><![CDATA[Hibernate: select n1_0.namirnica_id,n1_0.kalorije,n1_0.masti,n1_0.naziv,n1_0.proteini,n1_0.ugljikohidrati from namirnica n1_0
Hibernate: delete from namirnica where namirnica_id=?
Hibernate: insert into namirnica (kalorije,masti,naziv,proteini,ugljikohidrati,namirnica_id) values (?,?,?,?,?,default)
Hibernate: insert into namirnica (kalorije,masti,naziv,proteini,ugljikohidrati,namirnica_id) values (?,?,?,?,?,default)
Hibernate: select n1_0.namirnica_id,n1_0.kalorije,n1_0.masti,n1_0.naziv,n1_0.proteini,n1_0.ugljikohidrati from namirnica n1_0 where n1_0.namirnica_id=?
Hibernate: select d1_0.dnevnik_id,d1_0.datum_obroka,d1_0.korisnik_id,d1_0.vrsta_obroka,n1_0.namirnica_id,n1_0.kalorije,n1_0.masti,n1_0.naziv,n1_0.proteini,n1_0.ugljikohidrati from unos_namirnice un1_0 join prehrambeni_dnevnik d1_0 on d1_0.dnevnik_id=un1_0.dnevnik_id join namirnica n1_0 on n1_0.namirnica_id=un1_0.namirnica_id where un1_0.namirnica_id=? fetch first ? rows only
Hibernate: select n1_0.namirnica_id from namirnica n1_0 where n1_0.naziv=? fetch first ? rows only
]]></system-out>
  </testcase>
  <testcase name="fullCrudCycle" classname="com.example.demo.integration.NamirnicaIntegrationTest" time="0.089">
    <system-out><![CDATA[Hibernate: select n1_0.namirnica_id,n1_0.kalorije,n1_0.masti,n1_0.naziv,n1_0.proteini,n1_0.ugljikohidrati from namirnica n1_0
Hibernate: delete from namirnica where namirnica_id=?
Hibernate: delete from namirnica where namirnica_id=?
Hibernate: select n1_0.namirnica_id from namirnica n1_0 where n1_0.naziv=? fetch first ? rows only
Hibernate: insert into namirnica (kalorije,masti,naziv,proteini,ugljikohidrati,namirnica_id) values (?,?,?,?,?,default)
Hibernate: select n1_0.namirnica_id,n1_0.kalorije,n1_0.masti,n1_0.naziv,n1_0.proteini,n1_0.ugljikohidrati from namirnica n1_0
Hibernate: select n1_0.namirnica_id,n1_0.kalorije,n1_0.masti,n1_0.naziv,n1_0.proteini,n1_0.ugljikohidrati from namirnica n1_0
Hibernate: select n1_0.namirnica_id,n1_0.kalorije,n1_0.masti,n1_0.naziv,n1_0.proteini,n1_0.ugljikohidrati from namirnica n1_0 where n1_0.namirnica_id=?
Hibernate: select n1_0.namirnica_id,n1_0.kalorije,n1_0.masti,n1_0.naziv,n1_0.proteini,n1_0.ugljikohidrati from namirnica n1_0 where n1_0.namirnica_id=?
Hibernate: select d1_0.dnevnik_id,d1_0.datum_obroka,d1_0.korisnik_id,d1_0.vrsta_obroka,n1_0.namirnica_id,n1_0.kalorije,n1_0.masti,n1_0.naziv,n1_0.proteini,n1_0.ugljikohidrati from unos_namirnice un1_0 join prehrambeni_dnevnik d1_0 on d1_0.dnevnik_id=un1_0.dnevnik_id join namirnica n1_0 on n1_0.namirnica_id=un1_0.namirnica_id where un1_0.namirnica_id=? fetch first ? rows only
Hibernate: select n1_0.namirnica_id from namirnica n1_0 where n1_0.naziv=? fetch first ? rows only
Hibernate: update namirnica set kalorije=?,masti=?,naziv=?,proteini=?,ugljikohidrati=? where namirnica_id=?
Hibernate: select n1_0.namirnica_id,n1_0.kalorije,n1_0.masti,n1_0.naziv,n1_0.proteini,n1_0.ugljikohidrati from namirnica n1_0 where n1_0.namirnica_id=?
Hibernate: select d1_0.dnevnik_id,d1_0.datum_obroka,d1_0.korisnik_id,d1_0.vrsta_obroka,n1_0.namirnica_id,n1_0.kalorije,n1_0.masti,n1_0.naziv,n1_0.proteini,n1_0.ugljikohidrati from unos_namirnice un1_0 join prehrambeni_dnevnik d1_0 on d1_0.dnevnik_id=un1_0.dnevnik_id join namirnica n1_0 on n1_0.namirnica_id=un1_0.namirnica_id where un1_0.namirnica_id=? fetch first ? rows only
Hibernate: delete from namirnica where namirnica_id=?
Hibernate: select n1_0.namirnica_id,n1_0.kalorije,n1_0.masti,n1_0.naziv,n1_0.proteini,n1_0.ugljikohidrati from namirnica n1_0 where n1_0.namirnica_id=?
]]></system-out>
  </testcase>
</testsuite>